<?xml version="1.0" encoding="UTF-8"?>
<testng-results ignored="0" total="1" passed="1" failed="0" skipped="0">
  <reporter-output>
  </reporter-output>
  <suite started-at="2023-08-22T16:33:21 IST" name="Default suite" finished-at="2023-08-22T16:33:43 IST" duration-ms="21598">
    <groups>
    </groups>
    <test started-at="2023-08-22T16:33:21 IST" name="Default test" finished-at="2023-08-22T16:33:43 IST" duration-ms="21598">
      <class name="pomBatchOne.tests.GridCheck">
        <test-method signature="gridTestOne()[pri:0, instance:pomBatchOne.tests.GridCheck@6ca8564a]" started-at="2023-08-22T16:33:21 IST" name="gridTestOne" finished-at="2023-08-22T16:33:43 IST" duration-ms="21426" status="PASS">
          <reporter-output>
          </reporter-output>
        </test-method> <!-- gridTestOne -->
      </class> <!-- pomBatchOne.tests.GridCheck -->
    </test> <!-- Default test -->
  </suite> <!-- Default suite -->
</testng-results>
